<?xml version="1.0" encoding="UTF-8"?>
<testsuite name="org.springframework.web.server.adapter.DefaultServerWebExchangeCheckNotModifiedTests" tests="21" skipped="0" failures="0" errors="0" timestamp="2021-05-09T12:43:22" hostname="wangweilidembp" time="0.08">
  <properties/>
  <testcase name="checkNotModifiedTimestamp()" classname="org.springframework.web.server.adapter.DefaultServerWebExchangeCheckNotModifiedTests" time="0.028"/>
  <testcase name="checkNotModifiedInvalidIfNoneMatchHeader()" classname="org.springframework.web.server.adapter.DefaultServerWebExchangeCheckNotModifiedTests" time="0.002"/>
  <testcase name="checkNotModifiedWildcardIsIgnored()" classname="org.springframework.web.server.adapter.DefaultServerWebExchangeCheckNotModifiedTests" time="0.001"/>
  <testcase name="checkNotModifiedETagStrongWeak()" classname="org.springframework.web.server.adapter.DefaultServerWebExchangeCheckNotModifiedTests" time="0.001"/>
  <testcase name="checkNotModifiedETagAndModifiedTimestamp()" classname="org.springframework.web.server.adapter.DefaultServerWebExchangeCheckNotModifiedTests" time="0.002"/>
  <testcase name="checkNotModifiedMultipleETags()" classname="org.springframework.web.server.adapter.DefaultServerWebExchangeCheckNotModifiedTests" time="0.002"/>
  <testcase name="checkNotModifiedNon2xxStatus()" classname="org.springframework.web.server.adapter.DefaultServerWebExchangeCheckNotModifiedTests" time="0.002"/>
  <testcase name="checkModifiedTimestamp()" classname="org.springframework.web.server.adapter.DefaultServerWebExchangeCheckNotModifiedTests" time="0.002"/>
  <testcase name="checkNotModifiedTimestampConditionalPutConflict()" classname="org.springframework.web.server.adapter.DefaultServerWebExchangeCheckNotModifiedTests" time="0.002"/>
  <testcase name="checkNotModifiedTimestampConditionalPut()" classname="org.springframework.web.server.adapter.DefaultServerWebExchangeCheckNotModifiedTests" time="0.001"/>
  <testcase name="checkModifiedETagAndNotModifiedTimestamp()" classname="org.springframework.web.server.adapter.DefaultServerWebExchangeCheckNotModifiedTests" time="0.002"/>
  <testcase name="checkNotModifiedETagWeakStrong()" classname="org.springframework.web.server.adapter.DefaultServerWebExchangeCheckNotModifiedTests" time="0.003"/>
  <testcase name="checkNotModifiedHeaderAlreadySet()" classname="org.springframework.web.server.adapter.DefaultServerWebExchangeCheckNotModifiedTests" time="0.002"/>
  <testcase name="checkModifiedTimestampWithLengthPart()" classname="org.springframework.web.server.adapter.DefaultServerWebExchangeCheckNotModifiedTests" time="0.003"/>
  <testcase name="checkNotModifiedETagWithSeparatorChars()" classname="org.springframework.web.server.adapter.DefaultServerWebExchangeCheckNotModifiedTests" time="0.002"/>
  <testcase name="checkModifiedETag()" classname="org.springframework.web.server.adapter.DefaultServerWebExchangeCheckNotModifiedTests" time="0.002"/>
  <testcase name="checkNotModifiedETagAndTimestamp()" classname="org.springframework.web.server.adapter.DefaultServerWebExchangeCheckNotModifiedTests" time="0.002"/>
  <testcase name="checkModifiedUnpaddedETag()" classname="org.springframework.web.server.adapter.DefaultServerWebExchangeCheckNotModifiedTests" time="0.002"/>
  <testcase name="checkNotModifiedETag()" classname="org.springframework.web.server.adapter.DefaultServerWebExchangeCheckNotModifiedTests" time="0.002"/>
  <testcase name="checkNotModifiedUnpaddedETag()" classname="org.springframework.web.server.adapter.DefaultServerWebExchangeCheckNotModifiedTests" time="0.002"/>
  <testcase name="checkNotModifiedTimestampWithLengthPart()" classname="org.springframework.web.server.adapter.DefaultServerWebExchangeCheckNotModifiedTests" time="0.003"/>
  <system-out><![CDATA[]]></system-out>
  <system-err><![CDATA[]]></system-err>
</testsuite>
