<?xml version="1.0" encoding="UTF-8"?>
<testsuite name="org.springframework.context.annotation.ConfigurationWithFactoryBeanBeanEarlyDeductionTests" tests="9" skipped="0" failures="0" errors="0" timestamp="2021-04-26T07:40:48" hostname="wangweilideMacBook-Pro.local" time="0.05">
  <properties/>
  <testcase name="preFreezeGenericMethod()" classname="org.springframework.context.annotation.ConfigurationWithFactoryBeanBeanEarlyDeductionTests" time="0.011"/>
  <testcase name="preFreezeGenericClass()" classname="org.springframework.context.annotation.ConfigurationWithFactoryBeanBeanEarlyDeductionTests" time="0.008"/>
  <testcase name="postFreezeAttribute()" classname="org.springframework.context.annotation.ConfigurationWithFactoryBeanBeanEarlyDeductionTests" time="0.004"/>
  <testcase name="preFreezeAttribute()" classname="org.springframework.context.annotation.ConfigurationWithFactoryBeanBeanEarlyDeductionTests" time="0.003"/>
  <testcase name="preFreezeUnresolvedGenericFactoryBean()" classname="org.springframework.context.annotation.ConfigurationWithFactoryBeanBeanEarlyDeductionTests" time="0.001"/>
  <testcase name="postFreezeGenericMethod()" classname="org.springframework.context.annotation.ConfigurationWithFactoryBeanBeanEarlyDeductionTests" time="0.003"/>
  <testcase name="preFreezeDirect()" classname="org.springframework.context.annotation.ConfigurationWithFactoryBeanBeanEarlyDeductionTests" time="0.008"/>
  <testcase name="postFreezeDirect()" classname="org.springframework.context.annotation.ConfigurationWithFactoryBeanBeanEarlyDeductionTests" time="0.004"/>
  <testcase name="postFreezeGenericClass()" classname="org.springframework.context.annotation.ConfigurationWithFactoryBeanBeanEarlyDeductionTests" time="0.004"/>
  <system-out><![CDATA[]]></system-out>
  <system-err><![CDATA[]]></system-err>
</testsuite>
