<?xml version="1.0" encoding="UTF-8"?>
<testsuite name="org.springframework.util.xml.SimpleNamespaceContextTests" tests="13" skipped="0" failures="0" errors="0" timestamp="2021-04-26T07:37:50" hostname="wangweilideMacBook-Pro.local" time="0.01">
  <properties/>
  <testcase name="bindNamespaceUri_withNullNamespaceUri()" classname="org.springframework.util.xml.SimpleNamespaceContextTests" time="0.001"/>
  <testcase name="clear()" classname="org.springframework.util.xml.SimpleNamespaceContextTests" time="0.001"/>
  <testcase name="getBoundPrefixes()" classname="org.springframework.util.xml.SimpleNamespaceContextTests" time="0.001"/>
  <testcase name="getNamespaceURI()" classname="org.springframework.util.xml.SimpleNamespaceContextTests" time="0.001"/>
  <testcase name="getPrefix()" classname="org.springframework.util.xml.SimpleNamespaceContextTests" time="0.0"/>
  <testcase name="bindNamespaceUri()" classname="org.springframework.util.xml.SimpleNamespaceContextTests" time="0.0"/>
  <testcase name="getPrefixes()" classname="org.springframework.util.xml.SimpleNamespaceContextTests" time="0.001"/>
  <testcase name="getPrefixes_withNull()" classname="org.springframework.util.xml.SimpleNamespaceContextTests" time="0.001"/>
  <testcase name="removeBinding()" classname="org.springframework.util.xml.SimpleNamespaceContextTests" time="0.0"/>
  <testcase name="getPrefix_withNull()" classname="org.springframework.util.xml.SimpleNamespaceContextTests" time="0.001"/>
  <testcase name="getPrefixes_IteratorIsNotModifiable()" classname="org.springframework.util.xml.SimpleNamespaceContextTests" time="0.001"/>
  <testcase name="bindNamespaceUri_withNullPrefix()" classname="org.springframework.util.xml.SimpleNamespaceContextTests" time="0.0"/>
  <testcase name="getNamespaceURI_withNull()" classname="org.springframework.util.xml.SimpleNamespaceContextTests" time="0.0"/>
  <system-out><![CDATA[]]></system-out>
  <system-err><![CDATA[]]></system-err>
</testsuite>
