<?xml version="1.0" encoding="UTF-8"?>
<testsuite name="org.springframework.transaction.JndiJtaTransactionManagerTests" tests="6" skipped="0" failures="0" errors="0" timestamp="2021-04-26T07:39:29" hostname="wangweilideMacBook-Pro.local" time="0.027">
  <properties/>
  <testcase name="jtaTransactionManagerWithDefaultJndiLookupsAndNoTmFound()" classname="org.springframework.transaction.JndiJtaTransactionManagerTests" time="0.005"/>
  <testcase name="jtaTransactionManagerWithDefaultJndiLookups1()" classname="org.springframework.transaction.JndiJtaTransactionManagerTests" time="0.003"/>
  <testcase name="jtaTransactionManagerWithDefaultJndiLookups2()" classname="org.springframework.transaction.JndiJtaTransactionManagerTests" time="0.004"/>
  <testcase name="jtaTransactionManagerWithDefaultJndiLookupsAndNoUtFound()" classname="org.springframework.transaction.JndiJtaTransactionManagerTests" time="0.004"/>
  <testcase name="jtaTransactionManagerWithNotCacheUserTransaction()" classname="org.springframework.transaction.JndiJtaTransactionManagerTests" time="0.006"/>
  <testcase name="jtaTransactionManagerWithCustomJndiLookups()" classname="org.springframework.transaction.JndiJtaTransactionManagerTests" time="0.003"/>
  <system-out><![CDATA[15:39:29.072 [Test worker] WARN  o.s.t.j.JtaTransactionManager - No JTA TransactionManager found: transaction suspension not available
15:39:29.089 [Test worker] WARN  o.s.t.j.JtaTransactionManager - No JTA TransactionManager found: transaction suspension not available
]]></system-out>
  <system-err><![CDATA[]]></system-err>
</testsuite>
