<?xml version="1.0" encoding="UTF-8"?>
<testsuite name="org.springframework.test.context.junit4.RollbackOverrideDefaultRollbackFalseRollbackAnnotationTransactionalTests" tests="1" skipped="0" failures="0" errors="0" timestamp="2021-05-09T12:42:34" hostname="wangweilidembp" time="0.006">
  <properties/>
  <testcase name="modifyTestDataWithinTransaction" classname="org.springframework.test.context.junit4.RollbackOverrideDefaultRollbackFalseRollbackAnnotationTransactionalTests" time="0.006"/>
  <system-out><![CDATA[]]></system-out>
  <system-err><![CDATA[]]></system-err>
</testsuite>
