<?xml version="1.0" encoding="UTF-8"?>
<testsuite name="org.springframework.messaging.MessageHeadersTests" tests="19" skipped="0" failures="0" errors="0" timestamp="2021-05-09T12:40:40" hostname="wangweilidembp" time="0.11">
  <properties/>
  <testcase name="testTimestampProvided()" classname="org.springframework.messaging.MessageHeadersTests" time="0.0"/>
  <testcase name="serializeWithAllSerializableHeaders()" classname="org.springframework.messaging.MessageHeadersTests" time="0.037"/>
  <testcase name="testTimestampOverwritten()" classname="org.springframework.messaging.MessageHeadersTests" time="0.053"/>
  <testcase name="serializeWithNonSerializableHeader()" classname="org.springframework.messaging.MessageHeadersTests" time="0.011"/>
  <testcase name="testIdProvided()" classname="org.springframework.messaging.MessageHeadersTests" time="0.001"/>
  <testcase name="testId()" classname="org.springframework.messaging.MessageHeadersTests" time="0.0"/>
  <testcase name="testNullHeaderValueWithTypedAccess()" classname="org.springframework.messaging.MessageHeadersTests" time="0.001"/>
  <testcase name="testTimestampNone()" classname="org.springframework.messaging.MessageHeadersTests" time="0.0"/>
  <testcase name="testIdOverwritten()" classname="org.springframework.messaging.MessageHeadersTests" time="0.001"/>
  <testcase name="subclassWithCustomIdAndNoTimestamp()" classname="org.springframework.messaging.MessageHeadersTests" time="0.0"/>
  <testcase name="testTimestampProvidedNullValue()" classname="org.springframework.messaging.MessageHeadersTests" time="0.001"/>
  <testcase name="testHeaderValueAccessWithIncorrectType()" classname="org.springframework.messaging.MessageHeadersTests" time="0.001"/>
  <testcase name="testTypedAccessOfHeaderValue()" classname="org.springframework.messaging.MessageHeadersTests" time="0.0"/>
  <testcase name="testNonTypedAccessOfHeaderValue()" classname="org.springframework.messaging.MessageHeadersTests" time="0.0"/>
  <testcase name="testTimestamp()" classname="org.springframework.messaging.MessageHeadersTests" time="0.0"/>
  <testcase name="testIdProvidedNullValue()" classname="org.springframework.messaging.MessageHeadersTests" time="0.0"/>
  <testcase name="testHeaderKeys()" classname="org.springframework.messaging.MessageHeadersTests" time="0.0"/>
  <testcase name="testNullHeaderValue()" classname="org.springframework.messaging.MessageHeadersTests" time="0.001"/>
  <testcase name="testIdNone()" classname="org.springframework.messaging.MessageHeadersTests" time="0.0"/>
  <system-out><![CDATA[]]></system-out>
  <system-err><![CDATA[]]></system-err>
</testsuite>
